GET _  /about _  Thu Oct 18 2018 10:15:05 GMT-0300 (-03)
GET _  /img/landscape.jpg _  Thu Oct 18 2018 10:15:05 GMT-0300 (-03)
GET _  / _  Thu Oct 18 2018 10:15:18 GMT-0300 (-03)
GET _  / _  Thu Oct 18 2018 10:15:30 GMT-0300 (-03)
GET _  /about _  Thu Oct 18 2018 10:15:37 GMT-0300 (-03)
GET _  /img/landscape.jpg _  Thu Oct 18 2018 10:15:37 GMT-0300 (-03)
GET _  /about _  Thu Oct 18 2018 10:17:33 GMT-0300 (-03)
GET _  /img/landscape.jpg _  Thu Oct 18 2018 10:17:33 GMT-0300 (-03)
GET _  /about _  Thu Oct 18 2018 10:17:35 GMT-0300 (-03)
GET _  /img/landscape.jpg _  Thu Oct 18 2018 10:17:35 GMT-0300 (-03)
GET _  /about _  Thu Oct 18 2018 10:18:13 GMT-0300 (-03)
GET _  /img/landscape.jpg _  Thu Oct 18 2018 10:18:13 GMT-0300 (-03)
GET _  /about _ ::1 Thu Oct 18 2018 10:18:39 GMT-0300 (-03)
GET _  /img/landscape.jpg _ ::1 Thu Oct 18 2018 10:18:39 GMT-0300 (-03)
GET _  /about _aqui => ::1 Thu Oct 18 2018 10:19:04 GMT-0300 (-03)
GET _  /img/landscape.jpg _aqui => ::1 Thu Oct 18 2018 10:19:04 GMT-0300 (-03)
GET _  /about _aqui => undefined Thu Oct 18 2018 10:19:20 GMT-0300 (-03)
GET _  /img/landscape.jpg _aqui => undefined Thu Oct 18 2018 10:19:20 GMT-0300 (-03)
GET _  /about _aqui => undefined Thu Oct 18 2018 10:38:31 GMT-0300 (-03)
GET _  /about/img/landscape.jpg _aqui => undefined Thu Oct 18 2018 10:38:32 GMT-0300 (-03)
GET _  /about _aqui => undefined Thu Oct 18 2018 10:38:55 GMT-0300 (-03)
GET _  /img/landscape.jpg _aqui => undefined Thu Oct 18 2018 10:38:56 GMT-0300 (-03)
GET _  /about _aqui => undefined Thu Oct 18 2018 10:39:03 GMT-0300 (-03)
GET _  /img/landscape.jpg _aqui => undefined Thu Oct 18 2018 10:39:03 GMT-0300 (-03)
GET _  /about _aqui => undefined Thu Oct 18 2018 10:39:17 GMT-0300 (-03)
GET _  /img/landscape.jpg _aqui => undefined Thu Oct 18 2018 10:39:18 GMT-0300 (-03)
GET _  /about _aqui => undefined Thu Oct 18 2018 10:39:47 GMT-0300 (-03)
GET _  /about/img/landscape.jpg _aqui => undefined Thu Oct 18 2018 10:39:48 GMT-0300 (-03)
GET _  /about _aqui => undefined Thu Oct 18 2018 10:40:26 GMT-0300 (-03)
GET _  /[object%20Object]/img/landscape.jpg _aqui => undefined Thu Oct 18 2018 10:40:26 GMT-0300 (-03)
GET _  /about _aqui => undefined Thu Oct 18 2018 10:40:51 GMT-0300 (-03)
GET _  /img/landscape.jpg _aqui => undefined Thu Oct 18 2018 10:40:51 GMT-0300 (-03)
GET _  /about _aqui => undefined Thu Oct 18 2018 10:50:11 GMT-0300 (-03)
GET _  /about/img/landscape.jpg _aqui => undefined Thu Oct 18 2018 10:50:11 GMT-0300 (-03)
GET _  / _aqui => undefined Thu Oct 18 2018 10:59:46 GMT-0300 (-03)
GET _  / _aqui => undefined Thu Oct 18 2018 10:59:49 GMT-0300 (-03)
GET _  / _aqui => undefined Thu Oct 18 2018 10:59:58 GMT-0300 (-03)
GET _  / _aqui => undefined Thu Oct 18 2018 11:01:38 GMT-0300 (-03)
GET _  /img/landscape.jpg _aqui => undefined Thu Oct 18 2018 11:01:38 GMT-0300 (-03)
GET _  /about _aqui => undefined Thu Oct 18 2018 11:05:01 GMT-0300 (-03)
GET _  /img/landscape.jpg _aqui => undefined Thu Oct 18 2018 11:05:01 GMT-0300 (-03)
GET _  /about _aqui => undefined Thu Oct 18 2018 11:06:16 GMT-0300 (-03)
GET _  /img/landscape.jpg _aqui => undefined Thu Oct 18 2018 11:06:17 GMT-0300 (-03)
GET _  / _aqui => undefined Thu Oct 18 2018 11:06:34 GMT-0300 (-03)
GET _  /img/landscape.jpg _aqui => undefined Thu Oct 18 2018 11:06:34 GMT-0300 (-03)
GET _  / _aqui => undefined Thu Oct 18 2018 11:06:39 GMT-0300 (-03)
GET _  /img/landscape.jpg _aqui => undefined Thu Oct 18 2018 11:06:39 GMT-0300 (-03)
GET _  / _aqui => undefined Thu Oct 18 2018 11:06:46 GMT-0300 (-03)
GET _  /Manutention _aqui => undefined Thu Oct 18 2018 11:06:49 GMT-0300 (-03)
GET _  /about _aqui => undefined Thu Oct 18 2018 11:06:52 GMT-0300 (-03)
GET _  /about/img/landscape.jpg _aqui => undefined Thu Oct 18 2018 11:06:52 GMT-0300 (-03)
GET _  / _aqui => undefined Thu Oct 18 2018 11:06:53 GMT-0300 (-03)
GET _  / _aqui => undefined Thu Oct 18 2018 11:07:03 GMT-0300 (-03)
GET _  / _aqui => undefined Thu Oct 18 2018 11:07:05 GMT-0300 (-03)
GET _  / _aqui => undefined Thu Oct 18 2018 11:07:56 GMT-0300 (-03)
GET _  /about _aqui => undefined Thu Oct 18 2018 11:07:58 GMT-0300 (-03)
GET _  /about/img/landscape.jpg _aqui => undefined Thu Oct 18 2018 11:07:58 GMT-0300 (-03)
GET _  / _aqui => undefined Thu Oct 18 2018 11:07:59 GMT-0300 (-03)
GET _  /about _aqui => undefined Thu Oct 18 2018 11:08:00 GMT-0300 (-03)
GET _  /about/img/landscape.jpg _aqui => undefined Thu Oct 18 2018 11:08:00 GMT-0300 (-03)
GET _  / _aqui => undefined Thu Oct 18 2018 11:08:01 GMT-0300 (-03)
GET _  / _aqui => undefined Thu Oct 18 2018 11:35:52 GMT-0300 (-03)
GET _  /favicon.ico _aqui => undefined Thu Oct 18 2018 11:35:53 GMT-0300 (-03)
GET _  /public/helper.html _aqui => undefined Thu Oct 18 2018 11:43:33 GMT-0300 (-03)
GET _  /img/landscape.jpg _aqui => undefined Thu Oct 18 2018 11:43:33 GMT-0300 (-03)
GET _  /public/helper.html _aqui => undefined Thu Oct 18 2018 11:43:54 GMT-0300 (-03)
GET _  /img/landscape.jpg _aqui => undefined Thu Oct 18 2018 11:43:54 GMT-0300 (-03)
GET _  /public/helper.html _aqui => undefined Thu Oct 18 2018 11:44:07 GMT-0300 (-03)
GET _  /img/landscape.jpg _aqui => undefined Thu Oct 18 2018 11:44:07 GMT-0300 (-03)
GET _  /public/helper.html _aqui => undefined Thu Oct 18 2018 11:44:08 GMT-0300 (-03)
GET _  /img/landscape.jpg _aqui => undefined Thu Oct 18 2018 11:44:08 GMT-0300 (-03)
GET _  /public/helper.html _aqui => undefined Thu Oct 18 2018 11:44:35 GMT-0300 (-03)
GET _  /img/landscape.jpg _aqui => undefined Thu Oct 18 2018 11:44:35 GMT-0300 (-03)
GET _  /public/ _aqui => undefined Thu Oct 18 2018 11:44:39 GMT-0300 (-03)
GET _  /img/landscape.jpg _aqui => undefined Thu Oct 18 2018 11:44:39 GMT-0300 (-03)
GET _  / _aqui => undefined Thu Oct 18 2018 11:44:44 GMT-0300 (-03)
GET _  / _aqui => undefined Thu Oct 18 2018 11:47:16 GMT-0300 (-03)
